{"D:\\react native\\finance-management\\finance-management\\src\\screens\\AddNewTransaction\\AddNewTransaction.js": {"path":"D:\\react native\\finance-management\\finance-management\\src\\screens\\AddNewTransaction\\AddNewTransaction.js","statementMap":{"0":{"start":{"line":4,"column":26},"end":{"line":7,"column":1}},"1":{"start":{"line":6,"column":2},"end":{"line":6,"column":25}}},"fnMap":{"0":{"name":"(anonymous_0)","decl":{"start":{"line":4,"column":26},"end":{"line":4,"column":27}},"loc":{"start":{"line":4,"column":32},"end":{"line":7,"column":1}},"line":4}},"branchMap":{},"s":{"0":1,"1":1},"f":{"0":1},"b":{},"_coverageSchema":"1a1c01bbd47fc00a2c39e90264f33305004495a9","hash":"5d730e8d22575c1e4f453ee56c9113bd23fb6049"}
,"D:\\react native\\finance-management\\finance-management\\src\\screens\\Portfolio\\Portfolio.js": {"path":"D:\\react native\\finance-management\\finance-management\\src\\screens\\Portfolio\\Portfolio.js","statementMap":{"0":{"start":{"line":4,"column":26},"end":{"line":7,"column":1}},"1":{"start":{"line":6,"column":2},"end":{"line":6,"column":25}}},"fnMap":{"0":{"name":"(anonymous_0)","decl":{"start":{"line":4,"column":26},"end":{"line":4,"column":27}},"loc":{"start":{"line":4,"column":32},"end":{"line":7,"column":1}},"line":4}},"branchMap":{},"s":{"0":1,"1":1},"f":{"0":1},"b":{},"_coverageSchema":"1a1c01bbd47fc00a2c39e90264f33305004495a9","hash":"eb9797321dbf3db2d71ba8eccabf8c54a0db8552"}
,"D:\\react native\\finance-management\\finance-management\\src\\services\\API\\yahooFinance\\yahooFinance.js": {"path":"D:\\react native\\finance-management\\finance-management\\src\\services\\API\\yahooFinance\\yahooFinance.js","statementMap":{"0":{"start":{"line":7,"column":24},"end":{"line":16,"column":1}},"1":{"start":{"line":8,"column":22},"end":{"line":8,"column":26}},"2":{"start":{"line":9,"column":2},"end":{"line":13,"column":3}},"3":{"start":{"line":10,"column":4},"end":{"line":10,"column":66}},"4":{"start":{"line":12,"column":4},"end":{"line":12,"column":27}},"5":{"start":{"line":14,"column":2},"end":{"line":14,"column":23}},"6":{"start":{"line":21,"column":39},"end":{"line":38,"column":1}},"7":{"start":{"line":22,"column":23},"end":{"line":22,"column":25}},"8":{"start":{"line":23,"column":24},"end":{"line":26,"column":4}},"9":{"start":{"line":28,"column":2},"end":{"line":36,"column":3}},"10":{"start":{"line":29,"column":4},"end":{"line":34,"column":7}},"11":{"start":{"line":30,"column":6},"end":{"line":33,"column":8}},"12":{"start":{"line":37,"column":2},"end":{"line":37,"column":24}}},"fnMap":{"0":{"name":"(anonymous_0)","decl":{"start":{"line":7,"column":24},"end":{"line":7,"column":25}},"loc":{"start":{"line":7,"column":51},"end":{"line":16,"column":1}},"line":7},"1":{"name":"(anonymous_1)","decl":{"start":{"line":21,"column":39},"end":{"line":21,"column":40}},"loc":{"start":{"line":21,"column":58},"end":{"line":38,"column":1}},"line":21},"2":{"name":"(anonymous_2)","decl":{"start":{"line":29,"column":22},"end":{"line":29,"column":23}},"loc":{"start":{"line":29,"column":33},"end":{"line":34,"column":5}},"line":29}},"branchMap":{},"s":{"0":1,"1":2,"2":2,"3":2,"4":0,"5":2,"6":1,"7":1,"8":1,"9":1,"10":1,"11":3,"12":1},"f":{"0":2,"1":1,"2":3},"b":{},"_coverageSchema":"1a1c01bbd47fc00a2c39e90264f33305004495a9","hash":"bf462b6c85004cd950b65b4c3681df1b154e7482"}
,"D:\\react native\\finance-management\\finance-management\\src\\services\\storage\\asyncStorage.js": {"path":"D:\\react native\\finance-management\\finance-management\\src\\services\\storage\\asyncStorage.js","statementMap":{"0":{"start":{"line":3,"column":23},"end":{"line":9,"column":1}},"1":{"start":{"line":4,"column":2},"end":{"line":8,"column":3}},"2":{"start":{"line":5,"column":4},"end":{"line":5,"column":54}},"3":{"start":{"line":7,"column":4},"end":{"line":7,"column":23}},"4":{"start":{"line":10,"column":23},"end":{"line":17,"column":1}},"5":{"start":{"line":11,"column":2},"end":{"line":16,"column":3}},"6":{"start":{"line":12,"column":17},"end":{"line":12,"column":48}},"7":{"start":{"line":13,"column":4},"end":{"line":13,"column":16}},"8":{"start":{"line":15,"column":4},"end":{"line":15,"column":23}},"9":{"start":{"line":18,"column":26},"end":{"line":24,"column":1}},"10":{"start":{"line":19,"column":2},"end":{"line":23,"column":3}},"11":{"start":{"line":20,"column":4},"end":{"line":20,"column":39}},"12":{"start":{"line":22,"column":4},"end":{"line":22,"column":23}},"13":{"start":{"line":25,"column":26},"end":{"line":33,"column":1}},"14":{"start":{"line":26,"column":2},"end":{"line":32,"column":3}},"15":{"start":{"line":27,"column":17},"end":{"line":27,"column":48}},"16":{"start":{"line":28,"column":19},"end":{"line":28,"column":52}},"17":{"start":{"line":29,"column":4},"end":{"line":29,"column":44}},"18":{"start":{"line":31,"column":4},"end":{"line":31,"column":23}},"19":{"start":{"line":34,"column":28},"end":{"line":36,"column":1}},"20":{"start":{"line":35,"column":2},"end":{"line":35,"column":29}},"21":{"start":{"line":37,"column":27},"end":{"line":47,"column":1}},"22":{"start":{"line":38,"column":14},"end":{"line":38,"column":16}},"23":{"start":{"line":39,"column":2},"end":{"line":46,"column":3}},"24":{"start":{"line":40,"column":17},"end":{"line":40,"column":48}},"25":{"start":{"line":41,"column":19},"end":{"line":41,"column":52}},"26":{"start":{"line":42,"column":4},"end":{"line":42,"column":44}},"27":{"start":{"line":42,"column":24},"end":{"line":42,"column":42}},"28":{"start":{"line":43,"column":4},"end":{"line":43,"column":17}},"29":{"start":{"line":45,"column":4},"end":{"line":45,"column":25}}},"fnMap":{"0":{"name":"(anonymous_0)","decl":{"start":{"line":3,"column":23},"end":{"line":3,"column":24}},"loc":{"start":{"line":3,"column":45},"end":{"line":9,"column":1}},"line":3},"1":{"name":"(anonymous_1)","decl":{"start":{"line":10,"column":23},"end":{"line":10,"column":24}},"loc":{"start":{"line":10,"column":38},"end":{"line":17,"column":1}},"line":10},"2":{"name":"(anonymous_2)","decl":{"start":{"line":18,"column":26},"end":{"line":18,"column":27}},"loc":{"start":{"line":18,"column":41},"end":{"line":24,"column":1}},"line":18},"3":{"name":"(anonymous_3)","decl":{"start":{"line":25,"column":26},"end":{"line":25,"column":27}},"loc":{"start":{"line":25,"column":48},"end":{"line":33,"column":1}},"line":25},"4":{"name":"(anonymous_4)","decl":{"start":{"line":34,"column":28},"end":{"line":34,"column":29}},"loc":{"start":{"line":34,"column":40},"end":{"line":36,"column":1}},"line":34},"5":{"name":"(anonymous_5)","decl":{"start":{"line":37,"column":27},"end":{"line":37,"column":28}},"loc":{"start":{"line":37,"column":39},"end":{"line":47,"column":1}},"line":37},"6":{"name":"(anonymous_6)","decl":{"start":{"line":42,"column":15},"end":{"line":42,"column":16}},"loc":{"start":{"line":42,"column":24},"end":{"line":42,"column":42}},"line":42}},"branchMap":{},"s":{"0":1,"1":1,"2":1,"3":0,"4":1,"5":1,"6":1,"7":1,"8":0,"9":1,"10":1,"11":1,"12":0,"13":1,"14":1,"15":1,"16":1,"17":1,"18":0,"19":1,"20":1,"21":1,"22":1,"23":1,"24":1,"25":1,"26":1,"27":1,"28":1,"29":0},"f":{"0":1,"1":1,"2":1,"3":1,"4":1,"5":1,"6":1},"b":{},"_coverageSchema":"1a1c01bbd47fc00a2c39e90264f33305004495a9","hash":"1c92030bb92f0c1c8f0e691b1a84c98b16da9a0a"}
}
