{"D:\\react native\\finance-management\\finance-management\\src\\components\\Card.js": {"path":"D:\\react native\\finance-management\\finance-management\\src\\components\\Card.js","statementMap":{"0":{"start":{"line":4,"column":13},"end":{"line":10,"column":1}},"1":{"start":{"line":5,"column":2},"end":{"line":9,"column":4}},"2":{"start":{"line":12,"column":15},"end":{"line":32,"column":2}}},"fnMap":{"0":{"name":"(anonymous_0)","decl":{"start":{"line":4,"column":13},"end":{"line":4,"column":14}},"loc":{"start":{"line":4,"column":24},"end":{"line":10,"column":1}},"line":4}},"branchMap":{},"s":{"0":3,"1":6,"2":3},"f":{"0":6},"b":{},"_coverageSchema":"1a1c01bbd47fc00a2c39e90264f33305004495a9","hash":"da039b6fba62ae59f390ea65d06c096970a653cb"}
,"D:\\react native\\finance-management\\finance-management\\src\\components\\CustomButton.js": {"path":"D:\\react native\\finance-management\\finance-management\\src\\components\\CustomButton.js","statementMap":{"0":{"start":{"line":4,"column":21},"end":{"line":9,"column":1}},"1":{"start":{"line":5,"column":2},"end":{"line":8,"column":22}},"2":{"start":{"line":11,"column":15},"end":{"line":38,"column":2}}},"fnMap":{"0":{"name":"(anonymous_0)","decl":{"start":{"line":4,"column":21},"end":{"line":4,"column":22}},"loc":{"start":{"line":4,"column":32},"end":{"line":9,"column":1}},"line":4}},"branchMap":{},"s":{"0":1,"1":1,"2":1},"f":{"0":1},"b":{},"_coverageSchema":"1a1c01bbd47fc00a2c39e90264f33305004495a9","hash":"2cd0de86c2bbf9893ff949c76349d5b70a9d85d1"}
,"D:\\react native\\finance-management\\finance-management\\src\\components\\CustomRow.js": {"path":"D:\\react native\\finance-management\\finance-management\\src\\components\\CustomRow.js","statementMap":{"0":{"start":{"line":4,"column":18},"end":{"line":8,"column":1}},"1":{"start":{"line":5,"column":2},"end":{"line":7,"column":4}},"2":{"start":{"line":10,"column":15},"end":{"line":15,"column":2}}},"fnMap":{"0":{"name":"(anonymous_0)","decl":{"start":{"line":4,"column":18},"end":{"line":4,"column":19}},"loc":{"start":{"line":4,"column":29},"end":{"line":8,"column":1}},"line":4}},"branchMap":{},"s":{"0":3,"1":6,"2":3},"f":{"0":6},"b":{},"_coverageSchema":"1a1c01bbd47fc00a2c39e90264f33305004495a9","hash":"2ad7ba481d6a6b67764f916deffacb55d63a6891"}
,"D:\\react native\\finance-management\\finance-management\\src\\components\\CustomText.js": {"path":"D:\\react native\\finance-management\\finance-management\\src\\components\\CustomText.js","statementMap":{"0":{"start":{"line":4,"column":19},"end":{"line":8,"column":1}},"1":{"start":{"line":5,"column":2},"end":{"line":7,"column":4}},"2":{"start":{"line":10,"column":15},"end":{"line":15,"column":2}}},"fnMap":{"0":{"name":"(anonymous_0)","decl":{"start":{"line":4,"column":19},"end":{"line":4,"column":20}},"loc":{"start":{"line":4,"column":30},"end":{"line":8,"column":1}},"line":4}},"branchMap":{},"s":{"0":3,"1":10,"2":3},"f":{"0":10},"b":{},"_coverageSchema":"1a1c01bbd47fc00a2c39e90264f33305004495a9","hash":"1064bbf4f2b8074a760d52f06565e847c03979cf"}
,"D:\\react native\\finance-management\\finance-management\\src\\components\\ErrorMessage.js": {"path":"D:\\react native\\finance-management\\finance-management\\src\\components\\ErrorMessage.js","statementMap":{"0":{"start":{"line":4,"column":21},"end":{"line":19,"column":1}},"1":{"start":{"line":6,"column":4},"end":{"line":10,"column":6}},"2":{"start":{"line":12,"column":2},"end":{"line":18,"column":4}}},"fnMap":{"0":{"name":"(anonymous_0)","decl":{"start":{"line":4,"column":21},"end":{"line":4,"column":22}},"loc":{"start":{"line":4,"column":32},"end":{"line":19,"column":1}},"line":4},"1":{"name":"errorMessageColor","decl":{"start":{"line":5,"column":11},"end":{"line":5,"column":28}},"loc":{"start":{"line":5,"column":46},"end":{"line":11,"column":3}},"line":5}},"branchMap":{"0":{"loc":{"start":{"line":7,"column":13},"end":{"line":7,"column":53}},"type":"cond-expr","locations":[{"start":{"line":7,"column":32},"end":{"line":7,"column":37}},{"start":{"line":7,"column":40},"end":{"line":7,"column":53}}],"line":7}},"s":{"0":1,"1":1,"2":1},"f":{"0":1,"1":1},"b":{"0":[1,0]},"_coverageSchema":"1a1c01bbd47fc00a2c39e90264f33305004495a9","hash":"09c791f77360692500200195b9fd6a9850005cb8"}
,"D:\\react native\\finance-management\\finance-management\\src\\components\\ListForSearch.js": {"path":"D:\\react native\\finance-management\\finance-management\\src\\components\\ListForSearch.js","statementMap":{"0":{"start":{"line":7,"column":29},"end":{"line":28,"column":1}},"1":{"start":{"line":8,"column":2},"end":{"line":27,"column":4}},"2":{"start":{"line":13,"column":8},"end":{"line":23,"column":27}},"3":{"start":{"line":15,"column":25},"end":{"line":15,"column":60}},"4":{"start":{"line":25,"column":37},"end":{"line":25,"column":53}}},"fnMap":{"0":{"name":"(anonymous_0)","decl":{"start":{"line":7,"column":29},"end":{"line":7,"column":30}},"loc":{"start":{"line":7,"column":40},"end":{"line":28,"column":1}},"line":7},"1":{"name":"(anonymous_1)","decl":{"start":{"line":12,"column":18},"end":{"line":12,"column":19}},"loc":{"start":{"line":13,"column":8},"end":{"line":23,"column":27}},"line":13},"2":{"name":"(anonymous_2)","decl":{"start":{"line":15,"column":19},"end":{"line":15,"column":20}},"loc":{"start":{"line":15,"column":25},"end":{"line":15,"column":60}},"line":15},"3":{"name":"(anonymous_3)","decl":{"start":{"line":25,"column":20},"end":{"line":25,"column":21}},"loc":{"start":{"line":25,"column":37},"end":{"line":25,"column":53}},"line":25}},"branchMap":{},"s":{"0":2,"1":4,"2":4,"3":1,"4":4},"f":{"0":4,"1":4,"2":1,"3":4},"b":{},"_coverageSchema":"1a1c01bbd47fc00a2c39e90264f33305004495a9","hash":"e2832e351a16016ecf799d79abb709c34a635ca4"}
,"D:\\react native\\finance-management\\finance-management\\src\\components\\SymbolSearchModal.js": {"path":"D:\\react native\\finance-management\\finance-management\\src\\components\\SymbolSearchModal.js","statementMap":{"0":{"start":{"line":9,"column":33},"end":{"line":66,"column":1}},"1":{"start":{"line":10,"column":44},"end":{"line":10,"column":56}},"2":{"start":{"line":12,"column":34},"end":{"line":14,"column":3}},"3":{"start":{"line":13,"column":4},"end":{"line":13,"column":77}},"4":{"start":{"line":16,"column":22},"end":{"line":24,"column":3}},"5":{"start":{"line":17,"column":4},"end":{"line":21,"column":7}},"6":{"start":{"line":22,"column":4},"end":{"line":22,"column":25}},"7":{"start":{"line":23,"column":4},"end":{"line":23,"column":42}},"8":{"start":{"line":26,"column":2},"end":{"line":65,"column":4}},"9":{"start":{"line":30,"column":8},"end":{"line":30,"column":46}},"10":{"start":{"line":36,"column":10},"end":{"line":36,"column":48}}},"fnMap":{"0":{"name":"(anonymous_0)","decl":{"start":{"line":9,"column":33},"end":{"line":9,"column":34}},"loc":{"start":{"line":9,"column":44},"end":{"line":66,"column":1}},"line":9},"1":{"name":"(anonymous_1)","decl":{"start":{"line":12,"column":34},"end":{"line":12,"column":35}},"loc":{"start":{"line":12,"column":56},"end":{"line":14,"column":3}},"line":12},"2":{"name":"(anonymous_2)","decl":{"start":{"line":16,"column":22},"end":{"line":16,"column":23}},"loc":{"start":{"line":16,"column":34},"end":{"line":24,"column":3}},"line":16},"3":{"name":"(anonymous_3)","decl":{"start":{"line":29,"column":22},"end":{"line":29,"column":23}},"loc":{"start":{"line":29,"column":28},"end":{"line":31,"column":7}},"line":29},"4":{"name":"(anonymous_4)","decl":{"start":{"line":35,"column":17},"end":{"line":35,"column":18}},"loc":{"start":{"line":35,"column":23},"end":{"line":37,"column":9}},"line":35}},"branchMap":{},"s":{"0":1,"1":7,"2":7,"3":2,"4":7,"5":1,"6":1,"7":1,"8":7,"9":0,"10":1},"f":{"0":7,"1":2,"2":1,"3":0,"4":1},"b":{},"_coverageSchema":"1a1c01bbd47fc00a2c39e90264f33305004495a9","hash":"244af2fc9973ad7a1a4b5bcb61adc7c943a61a66"}
,"D:\\react native\\finance-management\\finance-management\\src\\components\\TextInputCustom.js": {"path":"D:\\react native\\finance-management\\finance-management\\src\\components\\TextInputCustom.js","statementMap":{"0":{"start":{"line":4,"column":24},"end":{"line":14,"column":1}},"1":{"start":{"line":5,"column":2},"end":{"line":13,"column":4}},"2":{"start":{"line":16,"column":15},"end":{"line":26,"column":2}}},"fnMap":{"0":{"name":"(anonymous_0)","decl":{"start":{"line":4,"column":24},"end":{"line":4,"column":25}},"loc":{"start":{"line":4,"column":35},"end":{"line":14,"column":1}},"line":4}},"branchMap":{},"s":{"0":2,"1":1,"2":2},"f":{"0":1},"b":{},"_coverageSchema":"1a1c01bbd47fc00a2c39e90264f33305004495a9","hash":"b2ee06ea7f02fd5cfb26b2d326b9612bcf21042e"}
,"D:\\react native\\finance-management\\finance-management\\src\\components\\WrapperScrollView.js": {"path":"D:\\react native\\finance-management\\finance-management\\src\\components\\WrapperScrollView.js","statementMap":{"0":{"start":{"line":5,"column":26},"end":{"line":17,"column":1}},"1":{"start":{"line":6,"column":2},"end":{"line":16,"column":4}},"2":{"start":{"line":19,"column":15},"end":{"line":25,"column":2}}},"fnMap":{"0":{"name":"(anonymous_0)","decl":{"start":{"line":5,"column":26},"end":{"line":5,"column":27}},"loc":{"start":{"line":5,"column":37},"end":{"line":17,"column":1}},"line":5}},"branchMap":{},"s":{"0":1,"1":1,"2":1},"f":{"0":1},"b":{},"_coverageSchema":"1a1c01bbd47fc00a2c39e90264f33305004495a9","hash":"592a3b4f35fcd4f5e7c23456e4eea396c38d4a32"}
,"D:\\react native\\finance-management\\finance-management\\src\\services\\API\\curencyConverter\\currencyConverter.js": {"path":"D:\\react native\\finance-management\\finance-management\\src\\services\\API\\curencyConverter\\currencyConverter.js","statementMap":{"0":{"start":{"line":1,"column":31},"end":{"line":7,"column":1}},"1":{"start":{"line":2,"column":15},"end":{"line":2,"column":36}},"2":{"start":{"line":3,"column":19},"end":{"line":5,"column":3}},"3":{"start":{"line":6,"column":2},"end":{"line":6,"column":25}}},"fnMap":{"0":{"name":"(anonymous_0)","decl":{"start":{"line":1,"column":31},"end":{"line":1,"column":32}},"loc":{"start":{"line":1,"column":59},"end":{"line":7,"column":1}},"line":1}},"branchMap":{},"s":{"0":1,"1":1,"2":1,"3":0},"f":{"0":1},"b":{},"_coverageSchema":"1a1c01bbd47fc00a2c39e90264f33305004495a9","hash":"b4b538f7a5b21629dd4dbe4eeff1e658f8ac69e2"}
,"D:\\react native\\finance-management\\finance-management\\src\\services\\API\\yahooFinance\\yahooFinance.js": {"path":"D:\\react native\\finance-management\\finance-management\\src\\services\\API\\yahooFinance\\yahooFinance.js","statementMap":{"0":{"start":{"line":7,"column":24},"end":{"line":17,"column":1}},"1":{"start":{"line":8,"column":2},"end":{"line":16,"column":3}},"2":{"start":{"line":9,"column":4},"end":{"line":13,"column":6}},"3":{"start":{"line":15,"column":4},"end":{"line":15,"column":25}},"4":{"start":{"line":22,"column":39},"end":{"line":41,"column":1}},"5":{"start":{"line":23,"column":23},"end":{"line":23,"column":25}},"6":{"start":{"line":24,"column":24},"end":{"line":28,"column":3}},"7":{"start":{"line":29,"column":2},"end":{"line":39,"column":3}},"8":{"start":{"line":30,"column":4},"end":{"line":36,"column":7}},"9":{"start":{"line":31,"column":6},"end":{"line":35,"column":8}},"10":{"start":{"line":38,"column":4},"end":{"line":38,"column":23}},"11":{"start":{"line":40,"column":2},"end":{"line":40,"column":24}},"12":{"start":{"line":45,"column":22},"end":{"line":57,"column":1}},"13":{"start":{"line":46,"column":15},"end":{"line":46,"column":19}},"14":{"start":{"line":47,"column":2},"end":{"line":55,"column":3}},"15":{"start":{"line":48,"column":4},"end":{"line":52,"column":6}},"16":{"start":{"line":54,"column":4},"end":{"line":54,"column":25}},"17":{"start":{"line":56,"column":2},"end":{"line":56,"column":16}}},"fnMap":{"0":{"name":"(anonymous_0)","decl":{"start":{"line":7,"column":24},"end":{"line":7,"column":25}},"loc":{"start":{"line":7,"column":51},"end":{"line":17,"column":1}},"line":7},"1":{"name":"(anonymous_1)","decl":{"start":{"line":22,"column":39},"end":{"line":22,"column":40}},"loc":{"start":{"line":22,"column":58},"end":{"line":41,"column":1}},"line":22},"2":{"name":"(anonymous_2)","decl":{"start":{"line":30,"column":22},"end":{"line":30,"column":23}},"loc":{"start":{"line":30,"column":33},"end":{"line":36,"column":5}},"line":30},"3":{"name":"(anonymous_3)","decl":{"start":{"line":45,"column":22},"end":{"line":45,"column":23}},"loc":{"start":{"line":45,"column":44},"end":{"line":57,"column":1}},"line":45}},"branchMap":{},"s":{"0":1,"1":0,"2":0,"3":0,"4":1,"5":0,"6":0,"7":0,"8":0,"9":0,"10":0,"11":0,"12":1,"13":1,"14":1,"15":1,"16":0,"17":1},"f":{"0":0,"1":0,"2":0,"3":1},"b":{},"_coverageSchema":"1a1c01bbd47fc00a2c39e90264f33305004495a9","hash":"77ce94348ac9b267ba19d849047c880fff8cfb7c"}
,"D:\\react native\\finance-management\\finance-management\\src\\services\\componentServices\\SymbolSearchModal.services.js": {"path":"D:\\react native\\finance-management\\finance-management\\src\\services\\componentServices\\SymbolSearchModal.services.js","statementMap":{"0":{"start":{"line":6,"column":52},"end":{"line":27,"column":1}},"1":{"start":{"line":7,"column":22},"end":{"line":7,"column":24}},"2":{"start":{"line":10,"column":2},"end":{"line":10,"column":46}},"3":{"start":{"line":10,"column":25},"end":{"line":10,"column":46}},"4":{"start":{"line":12,"column":2},"end":{"line":25,"column":3}},"5":{"start":{"line":14,"column":23},"end":{"line":14,"column":47}},"6":{"start":{"line":17,"column":4},"end":{"line":17,"column":84}},"7":{"start":{"line":17,"column":58},"end":{"line":17,"column":82}},"8":{"start":{"line":20,"column":4},"end":{"line":22,"column":7}},"9":{"start":{"line":21,"column":8},"end":{"line":21,"column":77}},"10":{"start":{"line":24,"column":4},"end":{"line":24,"column":16}},"11":{"start":{"line":26,"column":2},"end":{"line":26,"column":23}},"12":{"start":{"line":30,"column":14},"end":{"line":36,"column":1}},"13":{"start":{"line":31,"column":2},"end":{"line":35,"column":20}},"14":{"start":{"line":32,"column":4},"end":{"line":34,"column":22}}},"fnMap":{"0":{"name":"(anonymous_0)","decl":{"start":{"line":6,"column":52},"end":{"line":6,"column":53}},"loc":{"start":{"line":6,"column":74},"end":{"line":27,"column":1}},"line":6},"1":{"name":"(anonymous_1)","decl":{"start":{"line":17,"column":47},"end":{"line":17,"column":48}},"loc":{"start":{"line":17,"column":58},"end":{"line":17,"column":82}},"line":17},"2":{"name":"(anonymous_2)","decl":{"start":{"line":20,"column":38},"end":{"line":20,"column":39}},"loc":{"start":{"line":20,"column":49},"end":{"line":22,"column":5}},"line":20},"3":{"name":"(anonymous_3)","decl":{"start":{"line":30,"column":14},"end":{"line":30,"column":15}},"loc":{"start":{"line":30,"column":33},"end":{"line":36,"column":1}},"line":30}},"branchMap":{"0":{"loc":{"start":{"line":10,"column":2},"end":{"line":10,"column":46}},"type":"if","locations":[{"start":{"line":10,"column":2},"end":{"line":10,"column":46}},{"start":{},"end":{}}],"line":10},"1":{"loc":{"start":{"line":32,"column":11},"end":{"line":34,"column":21}},"type":"cond-expr","locations":[{"start":{"line":33,"column":8},"end":{"line":33,"column":47}},{"start":{"line":34,"column":8},"end":{"line":34,"column":21}}],"line":32}},"s":{"0":1,"1":2,"2":2,"3":1,"4":1,"5":1,"6":1,"7":6,"8":1,"9":6,"10":0,"11":1,"12":1,"13":12,"14":12},"f":{"0":2,"1":6,"2":6,"3":12},"b":{"0":[1,1],"1":[8,4]},"_coverageSchema":"1a1c01bbd47fc00a2c39e90264f33305004495a9","hash":"e3befa8a3557fa678dab80fe79f4994a15c3d9f3"}
,"D:\\react native\\finance-management\\finance-management\\src\\services\\general\\InputValidation.js": {"path":"D:\\react native\\finance-management\\finance-management\\src\\services\\general\\InputValidation.js","statementMap":{"0":{"start":{"line":6,"column":30},"end":{"line":31,"column":1}},"1":{"start":{"line":11,"column":24},"end":{"line":11,"column":36}},"2":{"start":{"line":14,"column":2},"end":{"line":15,"column":70}},"3":{"start":{"line":15,"column":4},"end":{"line":15,"column":70}},"4":{"start":{"line":18,"column":2},"end":{"line":19,"column":70}},"5":{"start":{"line":19,"column":4},"end":{"line":19,"column":70}},"6":{"start":{"line":22,"column":2},"end":{"line":26,"column":6}},"7":{"start":{"line":23,"column":4},"end":{"line":26,"column":6}},"8":{"start":{"line":30,"column":2},"end":{"line":30,"column":69}},"9":{"start":{"line":34,"column":22},"end":{"line":43,"column":1}},"10":{"start":{"line":35,"column":2},"end":{"line":40,"column":6}},"11":{"start":{"line":36,"column":4},"end":{"line":40,"column":6}},"12":{"start":{"line":42,"column":2},"end":{"line":42,"column":25}},"13":{"start":{"line":46,"column":22},"end":{"line":59,"column":1}},"14":{"start":{"line":49,"column":13},"end":{"line":49,"column":32}},"15":{"start":{"line":51,"column":2},"end":{"line":56,"column":6}},"16":{"start":{"line":52,"column":4},"end":{"line":56,"column":6}},"17":{"start":{"line":58,"column":2},"end":{"line":58,"column":25}}},"fnMap":{"0":{"name":"(anonymous_0)","decl":{"start":{"line":6,"column":30},"end":{"line":6,"column":31}},"loc":{"start":{"line":10,"column":5},"end":{"line":31,"column":1}},"line":10},"1":{"name":"(anonymous_1)","decl":{"start":{"line":34,"column":22},"end":{"line":34,"column":23}},"loc":{"start":{"line":34,"column":60},"end":{"line":43,"column":1}},"line":34},"2":{"name":"(anonymous_2)","decl":{"start":{"line":46,"column":22},"end":{"line":46,"column":23}},"loc":{"start":{"line":46,"column":60},"end":{"line":59,"column":1}},"line":46}},"branchMap":{"0":{"loc":{"start":{"line":9,"column":2},"end":{"line":9,"column":45}},"type":"default-arg","locations":[{"start":{"line":9,"column":43},"end":{"line":9,"column":45}}],"line":9},"1":{"loc":{"start":{"line":9,"column":4},"end":{"line":9,"column":20}},"type":"default-arg","locations":[{"start":{"line":9,"column":15},"end":{"line":9,"column":20}}],"line":9},"2":{"loc":{"start":{"line":9,"column":22},"end":{"line":9,"column":38}},"type":"default-arg","locations":[{"start":{"line":9,"column":33},"end":{"line":9,"column":38}}],"line":9},"3":{"loc":{"start":{"line":14,"column":2},"end":{"line":15,"column":70}},"type":"if","locations":[{"start":{"line":14,"column":2},"end":{"line":15,"column":70}},{"start":{},"end":{}}],"line":14},"4":{"loc":{"start":{"line":18,"column":2},"end":{"line":19,"column":70}},"type":"if","locations":[{"start":{"line":18,"column":2},"end":{"line":19,"column":70}},{"start":{},"end":{}}],"line":18},"5":{"loc":{"start":{"line":22,"column":2},"end":{"line":26,"column":6}},"type":"if","locations":[{"start":{"line":22,"column":2},"end":{"line":26,"column":6}},{"start":{},"end":{}}],"line":22},"6":{"loc":{"start":{"line":35,"column":2},"end":{"line":40,"column":6}},"type":"if","locations":[{"start":{"line":35,"column":2},"end":{"line":40,"column":6}},{"start":{},"end":{}}],"line":35},"7":{"loc":{"start":{"line":51,"column":2},"end":{"line":56,"column":6}},"type":"if","locations":[{"start":{"line":51,"column":2},"end":{"line":56,"column":6}},{"start":{},"end":{}}],"line":51}},"s":{"0":1,"1":3,"2":3,"3":2,"4":3,"5":2,"6":3,"7":1,"8":3,"9":1,"10":2,"11":1,"12":2,"13":1,"14":2,"15":2,"16":1,"17":2},"f":{"0":3,"1":2,"2":2},"b":{"0":[1],"1":[1],"2":[1],"3":[2,1],"4":[2,1],"5":[1,2],"6":[1,1],"7":[1,1]},"_coverageSchema":"1a1c01bbd47fc00a2c39e90264f33305004495a9","hash":"5936a633ed03466688936f14e71f70f69d78a47c"}
,"D:\\react native\\finance-management\\finance-management\\src\\services\\screenServices\\AddHoldings.services.js": {"path":"D:\\react native\\finance-management\\finance-management\\src\\services\\screenServices\\AddHoldings.services.js","statementMap":{"0":{"start":{"line":8,"column":27},"end":{"line":43,"column":1}},"1":{"start":{"line":9,"column":2},"end":{"line":42,"column":20}},"2":{"start":{"line":10,"column":4},"end":{"line":41,"column":5}},"3":{"start":{"line":11,"column":22},"end":{"line":11,"column":24}},"4":{"start":{"line":12,"column":18},"end":{"line":15,"column":7}},"5":{"start":{"line":17,"column":33},"end":{"line":17,"column":65}},"6":{"start":{"line":21,"column":6},"end":{"line":21,"column":74}},"7":{"start":{"line":21,"column":41},"end":{"line":21,"column":74}},"8":{"start":{"line":24,"column":6},"end":{"line":32,"column":7}},"9":{"start":{"line":26,"column":8},"end":{"line":26,"column":57}},"10":{"start":{"line":29,"column":8},"end":{"line":29,"column":45}},"11":{"start":{"line":31,"column":8},"end":{"line":31,"column":34}},"12":{"start":{"line":34,"column":6},"end":{"line":34,"column":50}},"13":{"start":{"line":36,"column":6},"end":{"line":36,"column":18}},"14":{"start":{"line":38,"column":6},"end":{"line":38,"column":31}},"15":{"start":{"line":40,"column":6},"end":{"line":40,"column":19}},"16":{"start":{"line":42,"column":7},"end":{"line":42,"column":20}},"17":{"start":{"line":49,"column":28},"end":{"line":74,"column":1}},"18":{"start":{"line":50,"column":2},"end":{"line":73,"column":22}},"19":{"start":{"line":51,"column":4},"end":{"line":72,"column":5}},"20":{"start":{"line":52,"column":18},"end":{"line":55,"column":7}},"21":{"start":{"line":57,"column":22},"end":{"line":57,"column":54}},"22":{"start":{"line":60,"column":6},"end":{"line":60,"column":43}},"23":{"start":{"line":62,"column":6},"end":{"line":62,"column":32}},"24":{"start":{"line":65,"column":6},"end":{"line":65,"column":50}},"25":{"start":{"line":67,"column":6},"end":{"line":67,"column":18}},"26":{"start":{"line":69,"column":6},"end":{"line":69,"column":31}},"27":{"start":{"line":71,"column":6},"end":{"line":71,"column":19}},"28":{"start":{"line":73,"column":9},"end":{"line":73,"column":22}},"29":{"start":{"line":76,"column":27},"end":{"line":86,"column":1}},"30":{"start":{"line":77,"column":2},"end":{"line":85,"column":20}},"31":{"start":{"line":84,"column":4},"end":{"line":84,"column":16}},"32":{"start":{"line":85,"column":7},"end":{"line":85,"column":20}}},"fnMap":{"0":{"name":"(anonymous_0)","decl":{"start":{"line":8,"column":27},"end":{"line":8,"column":28}},"loc":{"start":{"line":8,"column":58},"end":{"line":43,"column":1}},"line":8},"1":{"name":"(anonymous_1)","decl":{"start":{"line":49,"column":28},"end":{"line":49,"column":29}},"loc":{"start":{"line":49,"column":59},"end":{"line":74,"column":1}},"line":49},"2":{"name":"(anonymous_2)","decl":{"start":{"line":76,"column":27},"end":{"line":76,"column":28}},"loc":{"start":{"line":76,"column":52},"end":{"line":86,"column":1}},"line":76}},"branchMap":{"0":{"loc":{"start":{"line":9,"column":2},"end":{"line":42,"column":20}},"type":"if","locations":[{"start":{"line":9,"column":2},"end":{"line":42,"column":20}},{"start":{"line":42,"column":7},"end":{"line":42,"column":20}}],"line":9},"1":{"loc":{"start":{"line":21,"column":6},"end":{"line":21,"column":74}},"type":"if","locations":[{"start":{"line":21,"column":6},"end":{"line":21,"column":74}},{"start":{},"end":{}}],"line":21},"2":{"loc":{"start":{"line":24,"column":6},"end":{"line":32,"column":7}},"type":"if","locations":[{"start":{"line":24,"column":6},"end":{"line":32,"column":7}},{"start":{"line":27,"column":13},"end":{"line":32,"column":7}}],"line":24},"3":{"loc":{"start":{"line":50,"column":2},"end":{"line":73,"column":22}},"type":"if","locations":[{"start":{"line":50,"column":2},"end":{"line":73,"column":22}},{"start":{"line":73,"column":9},"end":{"line":73,"column":22}}],"line":50},"4":{"loc":{"start":{"line":77,"column":2},"end":{"line":85,"column":20}},"type":"if","locations":[{"start":{"line":77,"column":2},"end":{"line":85,"column":20}},{"start":{"line":85,"column":7},"end":{"line":85,"column":20}}],"line":77},"5":{"loc":{"start":{"line":78,"column":4},"end":{"line":82,"column":33}},"type":"binary-expr","locations":[{"start":{"line":78,"column":4},"end":{"line":78,"column":24}},{"start":{"line":79,"column":4},"end":{"line":79,"column":19}},{"start":{"line":80,"column":4},"end":{"line":80,"column":24}},{"start":{"line":81,"column":4},"end":{"line":81,"column":24}},{"start":{"line":82,"column":4},"end":{"line":82,"column":33}}],"line":78}},"s":{"0":1,"1":8,"2":3,"3":3,"4":3,"5":3,"6":2,"7":1,"8":2,"9":1,"10":1,"11":1,"12":2,"13":2,"14":1,"15":1,"16":5,"17":1,"18":0,"19":0,"20":0,"21":0,"22":0,"23":0,"24":0,"25":0,"26":0,"27":0,"28":0,"29":1,"30":8,"31":3,"32":5},"f":{"0":8,"1":0,"2":8},"b":{"0":[3,5],"1":[1,1],"2":[1,1],"3":[0,0],"4":[3,5],"5":[8,5,5,5,4]},"_coverageSchema":"1a1c01bbd47fc00a2c39e90264f33305004495a9","hash":"a9023c4fb3af22643755ac6a093d03fe05480aaa"}
,"D:\\react native\\finance-management\\finance-management\\src\\services\\screenServices\\Portfolio.services.js": {"path":"D:\\react native\\finance-management\\finance-management\\src\\services\\screenServices\\Portfolio.services.js","statementMap":{"0":{"start":{"line":15,"column":27},"end":{"line":15,"column":29}},"1":{"start":{"line":16,"column":24},"end":{"line":16,"column":25}},"2":{"start":{"line":18,"column":2},"end":{"line":62,"column":3}},"3":{"start":{"line":20,"column":21},"end":{"line":20,"column":53}},"4":{"start":{"line":23,"column":4},"end":{"line":55,"column":5}},"5":{"start":{"line":25,"column":20},"end":{"line":25,"column":43}},"6":{"start":{"line":28,"column":33},"end":{"line":28,"column":71}},"7":{"start":{"line":31,"column":6},"end":{"line":54,"column":7}},"8":{"start":{"line":34,"column":43},"end":{"line":38,"column":9}},"9":{"start":{"line":41,"column":8},"end":{"line":45,"column":10}},"10":{"start":{"line":49,"column":8},"end":{"line":49,"column":62}},"11":{"start":{"line":53,"column":8},"end":{"line":53,"column":72}},"12":{"start":{"line":58,"column":4},"end":{"line":58,"column":49}},"13":{"start":{"line":60,"column":4},"end":{"line":60,"column":27}},"14":{"start":{"line":61,"column":4},"end":{"line":61,"column":19}},"15":{"start":{"line":68,"column":40},"end":{"line":115,"column":1}},"16":{"start":{"line":74,"column":2},"end":{"line":94,"column":5}},"17":{"start":{"line":77,"column":6},"end":{"line":77,"column":68}},"18":{"start":{"line":81,"column":4},"end":{"line":82,"column":32}},"19":{"start":{"line":86,"column":4},"end":{"line":88,"column":6}},"20":{"start":{"line":91,"column":4},"end":{"line":93,"column":52}},"21":{"start":{"line":96,"column":21},"end":{"line":96,"column":22}},"22":{"start":{"line":98,"column":2},"end":{"line":101,"column":3}},"23":{"start":{"line":99,"column":4},"end":{"line":99,"column":58}},"24":{"start":{"line":100,"column":4},"end":{"line":100,"column":42}},"25":{"start":{"line":104,"column":2},"end":{"line":107,"column":17}},"26":{"start":{"line":110,"column":2},"end":{"line":112,"column":67}},"27":{"start":{"line":114,"column":2},"end":{"line":114,"column":38}},"28":{"start":{"line":117,"column":40},"end":{"line":119,"column":1}},"29":{"start":{"line":118,"column":2},"end":{"line":118,"column":35}}},"fnMap":{"0":{"name":"getDisplayPropertiesForAllShares","decl":{"start":{"line":12,"column":22},"end":{"line":12,"column":54}},"loc":{"start":{"line":12,"column":57},"end":{"line":63,"column":1}},"line":12},"1":{"name":"(anonymous_1)","decl":{"start":{"line":68,"column":40},"end":{"line":68,"column":41}},"loc":{"start":{"line":72,"column":5},"end":{"line":115,"column":1}},"line":72},"2":{"name":"(anonymous_2)","decl":{"start":{"line":74,"column":36},"end":{"line":74,"column":37}},"loc":{"start":{"line":74,"column":53},"end":{"line":94,"column":3}},"line":74},"3":{"name":"(anonymous_3)","decl":{"start":{"line":117,"column":40},"end":{"line":117,"column":41}},"loc":{"start":{"line":117,"column":58},"end":{"line":119,"column":1}},"line":117}},"branchMap":{"0":{"loc":{"start":{"line":23,"column":4},"end":{"line":55,"column":5}},"type":"if","locations":[{"start":{"line":23,"column":4},"end":{"line":55,"column":5}},{"start":{},"end":{}}],"line":23},"1":{"loc":{"start":{"line":98,"column":2},"end":{"line":101,"column":3}},"type":"if","locations":[{"start":{"line":98,"column":2},"end":{"line":101,"column":3}},{"start":{},"end":{}}],"line":98}},"s":{"0":3,"1":3,"2":3,"3":3,"4":3,"5":2,"6":2,"7":2,"8":2,"9":1,"10":0,"11":0,"12":1,"13":2,"14":2,"15":1,"16":1,"17":2,"18":2,"19":2,"20":2,"21":1,"22":1,"23":1,"24":0,"25":0,"26":0,"27":0,"28":1,"29":0},"f":{"0":3,"1":1,"2":2,"3":0},"b":{"0":[2,1],"1":[1,0]},"_coverageSchema":"1a1c01bbd47fc00a2c39e90264f33305004495a9","hash":"d31e650b7da1720f204d6d20df0c8ef238466fb6"}
,"D:\\react native\\finance-management\\finance-management\\src\\services\\storage\\asyncStorage.js": {"path":"D:\\react native\\finance-management\\finance-management\\src\\services\\storage\\asyncStorage.js","statementMap":{"0":{"start":{"line":5,"column":23},"end":{"line":11,"column":1}},"1":{"start":{"line":6,"column":2},"end":{"line":10,"column":3}},"2":{"start":{"line":7,"column":4},"end":{"line":7,"column":59}},"3":{"start":{"line":9,"column":4},"end":{"line":9,"column":23}},"4":{"start":{"line":14,"column":23},"end":{"line":20,"column":1}},"5":{"start":{"line":15,"column":2},"end":{"line":19,"column":3}},"6":{"start":{"line":16,"column":4},"end":{"line":16,"column":55}},"7":{"start":{"line":18,"column":4},"end":{"line":18,"column":23}},"8":{"start":{"line":22,"column":26},"end":{"line":31,"column":1}},"9":{"start":{"line":23,"column":2},"end":{"line":30,"column":3}},"10":{"start":{"line":24,"column":4},"end":{"line":24,"column":39}},"11":{"start":{"line":25,"column":21},"end":{"line":25,"column":45}},"12":{"start":{"line":26,"column":4},"end":{"line":26,"column":27}},"13":{"start":{"line":27,"column":4},"end":{"line":27,"column":41}},"14":{"start":{"line":29,"column":4},"end":{"line":29,"column":23}},"15":{"start":{"line":34,"column":26},"end":{"line":42,"column":1}},"16":{"start":{"line":35,"column":2},"end":{"line":41,"column":3}},"17":{"start":{"line":36,"column":17},"end":{"line":36,"column":48}},"18":{"start":{"line":37,"column":19},"end":{"line":37,"column":52}},"19":{"start":{"line":38,"column":4},"end":{"line":38,"column":44}},"20":{"start":{"line":40,"column":4},"end":{"line":40,"column":23}},"21":{"start":{"line":45,"column":28},"end":{"line":47,"column":1}},"22":{"start":{"line":46,"column":2},"end":{"line":46,"column":29}},"23":{"start":{"line":50,"column":27},"end":{"line":60,"column":1}},"24":{"start":{"line":51,"column":14},"end":{"line":51,"column":16}},"25":{"start":{"line":52,"column":2},"end":{"line":59,"column":3}},"26":{"start":{"line":53,"column":17},"end":{"line":53,"column":48}},"27":{"start":{"line":54,"column":19},"end":{"line":54,"column":52}},"28":{"start":{"line":55,"column":4},"end":{"line":55,"column":44}},"29":{"start":{"line":55,"column":24},"end":{"line":55,"column":42}},"30":{"start":{"line":56,"column":4},"end":{"line":56,"column":17}},"31":{"start":{"line":58,"column":4},"end":{"line":58,"column":25}}},"fnMap":{"0":{"name":"(anonymous_0)","decl":{"start":{"line":5,"column":23},"end":{"line":5,"column":24}},"loc":{"start":{"line":5,"column":45},"end":{"line":11,"column":1}},"line":5},"1":{"name":"(anonymous_1)","decl":{"start":{"line":14,"column":23},"end":{"line":14,"column":24}},"loc":{"start":{"line":14,"column":38},"end":{"line":20,"column":1}},"line":14},"2":{"name":"(anonymous_2)","decl":{"start":{"line":22,"column":26},"end":{"line":22,"column":27}},"loc":{"start":{"line":22,"column":41},"end":{"line":31,"column":1}},"line":22},"3":{"name":"(anonymous_3)","decl":{"start":{"line":34,"column":26},"end":{"line":34,"column":27}},"loc":{"start":{"line":34,"column":48},"end":{"line":42,"column":1}},"line":34},"4":{"name":"(anonymous_4)","decl":{"start":{"line":45,"column":28},"end":{"line":45,"column":29}},"loc":{"start":{"line":45,"column":40},"end":{"line":47,"column":1}},"line":45},"5":{"name":"(anonymous_5)","decl":{"start":{"line":50,"column":27},"end":{"line":50,"column":28}},"loc":{"start":{"line":50,"column":39},"end":{"line":60,"column":1}},"line":50},"6":{"name":"(anonymous_6)","decl":{"start":{"line":55,"column":15},"end":{"line":55,"column":16}},"loc":{"start":{"line":55,"column":24},"end":{"line":55,"column":42}},"line":55}},"branchMap":{},"s":{"0":1,"1":1,"2":1,"3":0,"4":1,"5":2,"6":2,"7":0,"8":1,"9":1,"10":1,"11":1,"12":1,"13":0,"14":1,"15":1,"16":1,"17":1,"18":1,"19":1,"20":0,"21":1,"22":1,"23":1,"24":1,"25":1,"26":1,"27":1,"28":1,"29":1,"30":1,"31":0},"f":{"0":1,"1":2,"2":1,"3":1,"4":1,"5":1,"6":1},"b":{},"_coverageSchema":"1a1c01bbd47fc00a2c39e90264f33305004495a9","hash":"fca6591a9ca072c789a6986e1eaca68d3e766595"}
,"D:\\react native\\finance-management\\finance-management\\src\\util\\models.js": {"path":"D:\\react native\\finance-management\\finance-management\\src\\util\\models.js","statementMap":{"0":{"start":{"line":1,"column":26},"end":{"line":7,"column":1}},"1":{"start":{"line":2,"column":2},"end":{"line":6,"column":4}},"2":{"start":{"line":9,"column":32},"end":{"line":14,"column":1}},"3":{"start":{"line":10,"column":2},"end":{"line":13,"column":4}},"4":{"start":{"line":16,"column":48},"end":{"line":27,"column":1}},"5":{"start":{"line":17,"column":2},"end":{"line":26,"column":4}}},"fnMap":{"0":{"name":"(anonymous_0)","decl":{"start":{"line":1,"column":26},"end":{"line":1,"column":27}},"loc":{"start":{"line":1,"column":32},"end":{"line":7,"column":1}},"line":1},"1":{"name":"(anonymous_1)","decl":{"start":{"line":9,"column":32},"end":{"line":9,"column":33}},"loc":{"start":{"line":9,"column":59},"end":{"line":14,"column":1}},"line":9},"2":{"name":"(anonymous_2)","decl":{"start":{"line":16,"column":48},"end":{"line":16,"column":49}},"loc":{"start":{"line":16,"column":73},"end":{"line":27,"column":1}},"line":16}},"branchMap":{},"s":{"0":2,"1":3,"2":2,"3":0,"4":2,"5":1},"f":{"0":3,"1":0,"2":1},"b":{},"_coverageSchema":"1a1c01bbd47fc00a2c39e90264f33305004495a9","hash":"30a06b221196bec49f5c63372d763e549b4f9efd"}
,"D:\\react native\\finance-management\\finance-management\\src\\util\\constants\\constants.js": {"path":"D:\\react native\\finance-management\\finance-management\\src\\util\\constants\\constants.js","statementMap":{"0":{"start":{"line":1,"column":23},"end":{"line":1,"column":34}}},"fnMap":{},"branchMap":{},"s":{"0":3},"f":{},"b":{},"_coverageSchema":"1a1c01bbd47fc00a2c39e90264f33305004495a9","hash":"13732b7c26ed42c07f9c0c4f6bf4a6258594b3d5"}
,"D:\\react native\\finance-management\\finance-management\\src\\util\\constants\\styleConstants.js": {"path":"D:\\react native\\finance-management\\finance-management\\src\\util\\constants\\styleConstants.js","statementMap":{"0":{"start":{"line":1,"column":32},"end":{"line":1,"column":41}}},"fnMap":{},"branchMap":{},"s":{"0":1},"f":{},"b":{},"_coverageSchema":"1a1c01bbd47fc00a2c39e90264f33305004495a9","hash":"929e8fd13658387ee749c13973499a0ea066af07"}
}
