TN:
SF:src\screens\AddNewTransaction\AddNewTransaction.js
FN:4,(anonymous_0)
FNF:1
FNH:1
FNDA:1,(anonymous_0)
DA:4,1
DA:6,1
LF:2
LH:2
BRF:0
BRH:0
end_of_record
TN:
SF:src\screens\Portfolio\Portfolio.js
FN:4,(anonymous_0)
FNF:1
FNH:1
FNDA:1,(anonymous_0)
DA:4,1
DA:6,1
LF:2
LH:2
BRF:0
BRH:0
end_of_record
TN:
SF:src\services\API\yahooFinance\yahooFinance.js
FN:7,(anonymous_0)
FN:21,(anonymous_1)
FN:29,(anonymous_2)
FNF:3
FNH:3
FNDA:2,(anonymous_0)
FNDA:1,(anonymous_1)
FNDA:3,(anonymous_2)
DA:7,1
DA:8,2
DA:9,2
DA:10,2
DA:12,0
DA:14,2
DA:21,1
DA:22,1
DA:23,1
DA:28,1
DA:29,1
DA:30,3
DA:37,1
LF:13
LH:12
BRF:0
BRH:0
end_of_record
TN:
SF:src\services\storage\asyncStorage.js
FN:3,(anonymous_0)
FN:10,(anonymous_1)
FN:18,(anonymous_2)
FN:25,(anonymous_3)
FN:34,(anonymous_4)
FN:37,(anonymous_5)
FN:42,(anonymous_6)
FNF:7
FNH:7
FNDA:1,(anonymous_0)
FNDA:1,(anonymous_1)
FNDA:1,(anonymous_2)
FNDA:1,(anonymous_3)
FNDA:1,(anonymous_4)
FNDA:1,(anonymous_5)
FNDA:1,(anonymous_6)
DA:3,1
DA:4,1
DA:5,1
DA:7,0
DA:10,1
DA:11,1
DA:12,1
DA:13,1
DA:15,0
DA:18,1
DA:19,1
DA:20,1
DA:22,0
DA:25,1
DA:26,1
DA:27,1
DA:28,1
DA:29,1
DA:31,0
DA:34,1
DA:35,1
DA:37,1
DA:38,1
DA:39,1
DA:40,1
DA:41,1
DA:42,1
DA:43,1
DA:45,0
LF:29
LH:24
BRF:0
BRH:0
end_of_record
