TN:
SF:src\components\Card.js
FN:4,(anonymous_0)
FNF:1
FNH:1
FNDA:6,(anonymous_0)
DA:4,4
DA:5,6
DA:12,4
LF:3
LH:3
BRF:0
BRH:0
end_of_record
TN:
SF:src\components\CustomButton.js
FN:4,(anonymous_0)
FNF:1
FNH:1
FNDA:6,(anonymous_0)
DA:4,3
DA:5,6
DA:11,3
LF:3
LH:3
BRF:0
BRH:0
end_of_record
TN:
SF:src\components\CustomRow.js
FN:4,(anonymous_0)
FNF:1
FNH:1
FNDA:6,(anonymous_0)
DA:4,4
DA:5,6
DA:8,4
LF:3
LH:3
BRF:0
BRH:0
end_of_record
TN:
SF:src\components\CustomText.js
FN:4,(anonymous_0)
FNF:1
FNH:1
FNDA:10,(anonymous_0)
DA:4,4
DA:5,10
DA:10,4
LF:3
LH:3
BRF:0
BRH:0
end_of_record
TN:
SF:src\components\ErrorMessage.js
FN:4,(anonymous_0)
FN:5,errorMessageColor
FNF:2
FNH:2
FNDA:8,(anonymous_0)
FNDA:7,errorMessageColor
DA:4,2
DA:6,7
DA:12,8
LF:3
LH:3
BRDA:7,0,0,1
BRDA:7,0,1,6
BRF:2
BRH:2
end_of_record
TN:
SF:src\components\ListForSearch.js
FN:7,(anonymous_0)
FN:12,(anonymous_1)
FN:15,(anonymous_2)
FN:25,(anonymous_3)
FNF:4
FNH:4
FNDA:7,(anonymous_0)
FNDA:4,(anonymous_1)
FNDA:1,(anonymous_2)
FNDA:4,(anonymous_3)
DA:7,3
DA:8,7
DA:13,4
DA:15,1
DA:25,4
LF:5
LH:5
BRF:0
BRH:0
end_of_record
TN:
SF:src\components\SymbolSearchModal.js
FN:9,(anonymous_0)
FN:12,(anonymous_1)
FN:16,(anonymous_2)
FN:29,(anonymous_3)
FN:35,(anonymous_4)
FNF:5
FNH:4
FNDA:10,(anonymous_0)
FNDA:2,(anonymous_1)
FNDA:1,(anonymous_2)
FNDA:0,(anonymous_3)
FNDA:1,(anonymous_4)
DA:9,2
DA:10,10
DA:12,10
DA:13,2
DA:16,10
DA:17,1
DA:22,1
DA:23,1
DA:26,10
DA:30,0
DA:36,1
LF:11
LH:10
BRF:0
BRH:0
end_of_record
TN:
SF:src\components\TextInputCustom.js
FN:4,(anonymous_0)
FNF:1
FNH:1
FNDA:8,(anonymous_0)
DA:4,3
DA:5,8
DA:16,3
LF:3
LH:3
BRF:0
BRH:0
end_of_record
TN:
SF:src\components\WrapperScrollView.js
FN:5,(anonymous_0)
FNF:1
FNH:1
FNDA:6,(anonymous_0)
DA:5,3
DA:6,6
DA:18,3
LF:3
LH:3
BRF:0
BRH:0
end_of_record
TN:
SF:src\screens\AddHoldings\AddHoldings.js
FN:27,(anonymous_0)
FN:41,(anonymous_1)
FN:50,(anonymous_2)
FN:60,(anonymous_3)
FN:92,(anonymous_4)
FNF:5
FNH:4
FNDA:5,(anonymous_0)
FNDA:1,(anonymous_1)
FNDA:1,(anonymous_2)
FNDA:2,(anonymous_3)
FNDA:0,(anonymous_4)
DA:27,1
DA:29,5
DA:32,4
DA:33,4
DA:34,4
DA:37,4
DA:41,4
DA:42,1
DA:50,4
DA:51,1
DA:60,4
DA:62,2
DA:64,2
DA:67,2
DA:70,2
DA:72,1
DA:74,1
DA:77,4
DA:93,0
LF:19
LH:18
BRDA:62,0,0,2
BRDA:62,0,1,0
BRDA:62,1,0,2
BRDA:62,1,1,2
BRDA:62,1,2,2
BRDA:70,2,0,1
BRDA:70,2,1,1
BRDA:100,3,0,0
BRDA:100,3,1,4
BRDA:105,4,0,4
BRDA:105,4,1,4
BRF:11
BRH:9
end_of_record
TN:
SF:src\screens\AddHoldings\AddHoldings.style.js
FN:22,(anonymous_0)
FNF:1
FNH:1
FNDA:4,(anonymous_0)
DA:22,1
DA:23,4
LF:2
LH:2
BRDA:26,0,0,4
BRDA:26,0,1,0
BRF:2
BRH:1
end_of_record
TN:
SF:src\screens\Portfolio\Portfolio.js
FN:7,(anonymous_0)
FN:12,(anonymous_1)
FNF:2
FNH:2
FNDA:2,(anonymous_0)
FNDA:1,(anonymous_1)
DA:7,1
DA:8,2
DA:13,1
LF:3
LH:3
BRF:0
BRH:0
end_of_record
TN:
SF:src\screens\Portfolio\Portfolio.style.js
FNF:0
FNH:0
LF:0
LH:0
BRF:0
BRH:0
end_of_record
TN:
SF:src\services\API\yahooFinance\yahooFinance.js
FN:7,(anonymous_0)
FN:18,(anonymous_1)
FN:25,(anonymous_2)
FN:39,(anonymous_3)
FNF:4
FNH:4
FNDA:2,(anonymous_0)
FNDA:1,(anonymous_1)
FNDA:3,(anonymous_2)
FNDA:2,(anonymous_3)
DA:7,3
DA:8,2
DA:9,2
DA:11,0
DA:18,3
DA:19,1
DA:20,1
DA:24,1
DA:25,1
DA:26,3
DA:32,0
DA:34,1
DA:39,3
DA:40,2
DA:41,2
DA:42,2
DA:44,0
DA:46,2
LF:18
LH:15
BRF:0
BRH:0
end_of_record
TN:
SF:src\services\componentServices\SymbolSearchModal.services.js
FN:6,(anonymous_0)
FN:18,(anonymous_1)
FN:21,(anonymous_2)
FN:31,(anonymous_3)
FNF:4
FNH:4
FNDA:2,(anonymous_0)
FNDA:6,(anonymous_1)
FNDA:6,(anonymous_2)
FNDA:12,(anonymous_3)
DA:6,2
DA:7,2
DA:10,2
DA:12,1
DA:15,1
DA:18,6
DA:21,1
DA:22,6
DA:25,0
DA:27,1
DA:31,2
DA:32,12
DA:33,12
LF:13
LH:12
BRDA:10,0,0,1
BRDA:10,0,1,1
BRDA:33,1,0,8
BRDA:33,1,1,4
BRF:4
BRH:4
end_of_record
TN:
SF:src\services\general\InputValidation.js
FN:6,(anonymous_0)
FN:34,(anonymous_1)
FN:46,(anonymous_2)
FNF:3
FNH:3
FNDA:3,(anonymous_0)
FNDA:2,(anonymous_1)
FNDA:2,(anonymous_2)
DA:6,1
DA:11,3
DA:14,3
DA:15,2
DA:18,3
DA:19,2
DA:22,3
DA:23,1
DA:30,3
DA:34,1
DA:35,2
DA:36,1
DA:42,2
DA:46,1
DA:49,2
DA:51,2
DA:52,1
DA:58,2
LF:18
LH:18
BRDA:9,0,0,1
BRDA:9,1,0,1
BRDA:9,2,0,1
BRDA:14,3,0,2
BRDA:14,3,1,1
BRDA:18,4,0,2
BRDA:18,4,1,1
BRDA:22,5,0,1
BRDA:22,5,1,2
BRDA:35,6,0,1
BRDA:35,6,1,1
BRDA:51,7,0,1
BRDA:51,7,1,1
BRF:13
BRH:13
end_of_record
TN:
SF:src\services\screenServices\AddHoldings.services.js
FN:8,(anonymous_0)
FN:47,(anonymous_1)
FNF:2
FNH:2
FNDA:8,(anonymous_0)
FNDA:8,(anonymous_1)
DA:8,1
DA:9,8
DA:10,3
DA:11,3
DA:12,3
DA:17,3
DA:21,2
DA:24,2
DA:26,1
DA:29,1
DA:31,1
DA:35,2
DA:36,2
DA:38,2
DA:40,1
DA:42,1
DA:44,5
DA:47,1
DA:48,8
DA:55,3
DA:56,5
LF:21
LH:21
BRDA:9,0,0,3
BRDA:9,0,1,5
BRDA:21,1,0,1
BRDA:21,1,1,1
BRDA:24,2,0,1
BRDA:24,2,1,1
BRDA:48,3,0,3
BRDA:48,3,1,5
BRDA:49,4,0,8
BRDA:49,4,1,5
BRDA:49,4,2,5
BRDA:49,4,3,5
BRDA:49,4,4,4
BRF:13
BRH:13
end_of_record
TN:
SF:src\services\screenServices\Portfolio.services.js
FN:11,getDisplayPropertiesForAllShares
FN:68,(anonymous_1)
FN:73,(anonymous_2)
FNF:3
FNH:3
FNDA:3,getDisplayPropertiesForAllShares
FNDA:2,(anonymous_1)
FNDA:4,(anonymous_2)
DA:14,3
DA:15,3
DA:17,3
DA:19,3
DA:22,3
DA:24,2
DA:27,2
DA:28,2
DA:31,2
DA:34,3
DA:41,2
DA:48,2
DA:52,2
DA:58,2
DA:60,1
DA:61,1
DA:68,1
DA:73,2
DA:76,4
DA:80,4
DA:85,4
DA:90,4
DA:96,2
DA:101,2
DA:105,2
LF:25
LH:25
BRDA:22,0,0,2
BRDA:22,0,1,1
BRF:2
BRH:2
end_of_record
TN:
SF:src\services\storage\asyncStorage.js
FN:4,(anonymous_0)
FN:13,(anonymous_1)
FN:21,(anonymous_2)
FN:30,(anonymous_3)
FN:41,(anonymous_4)
FN:46,(anonymous_5)
FN:51,(anonymous_6)
FNF:7
FNH:7
FNDA:1,(anonymous_0)
FNDA:1,(anonymous_1)
FNDA:1,(anonymous_2)
FNDA:1,(anonymous_3)
FNDA:1,(anonymous_4)
FNDA:1,(anonymous_5)
FNDA:1,(anonymous_6)
DA:4,1
DA:5,1
DA:6,1
DA:8,0
DA:13,1
DA:14,1
DA:15,1
DA:17,0
DA:21,1
DA:22,1
DA:23,1
DA:25,0
DA:30,1
DA:31,1
DA:32,1
DA:33,1
DA:34,1
DA:36,0
DA:41,1
DA:42,1
DA:46,1
DA:47,1
DA:48,1
DA:49,1
DA:50,1
DA:51,1
DA:52,1
DA:54,0
LF:28
LH:23
BRF:0
BRH:0
end_of_record
TN:
SF:src\util\models.js
FN:1,(anonymous_0)
FN:9,(anonymous_1)
FN:16,(anonymous_2)
FNF:3
FNH:3
FNDA:15,(anonymous_0)
FNDA:2,(anonymous_1)
FNDA:2,(anonymous_2)
DA:1,3
DA:2,15
DA:9,3
DA:10,2
DA:16,3
DA:17,2
LF:6
LH:6
BRF:0
BRH:0
end_of_record
TN:
SF:src\util\constants\constants.js
FNF:0
FNH:0
DA:1,2
LF:1
LH:1
BRF:0
BRH:0
end_of_record
TN:
SF:src\util\constants\styleConstants.js
FNF:0
FNH:0
DA:1,3
LF:1
LH:1
BRF:0
BRH:0
end_of_record
